C51 COMPILER V9.00   IAP                                                                   12/20/2020 16:52:20 PAGE 1   


C51 COMPILER V9.00, COMPILATION OF MODULE IAP
OBJECT MODULE PLACED IN iap.OBJ
COMPILER INVOKED BY: d:\Keil\C51\BIN\C51.EXE iap.c BROWSE DEBUG OBJECTEXTEND

line level    source

   1          #include "h\SC93F843X_C.H"      
   2          #include "h\data_type.h"
   3          #include "lib\SensorMethod.h"
   4          #include "config.h"
   5          
   6          #define IapTotal 0x02     //0x00：选择ROM区操作  0x02：选择EEPROM区操作
   7          unsigned char code *IapAddr=0x00;
   8          
   9          //void IAPWrite(uint Addr,uchar Data);
  10          //uchar IAPRead(uint Addr);
  11          
  12          //void IAP_Init(void)
  13          //{
  14          //      uint i,IapReadData;
  15          //      for(i=0;i<128;i++)
  16          //      {               
  17          //              IAPWrite(i,0xff);
  18          //              IapReadData=IAPRead(i);
  19          //      }
  20          //}
  21          void Delay_us(unsigned char temp)
  22          {
  23   1              while(temp)
  24   1                      temp--;
  25   1      }
  26          //IAP写操作
  27          void IAPWrite(uint Addr,uchar Data)
  28          {       
  29   1              EA =0;
  30   1              IAPADE=IapTotal;
  31   1              IAPDAT=Data;      //写入数据Data
  32   1              IAPADH=(uchar)((Addr>>8)&0X3F);   //写入地址的高5位
  33   1              IAPADL=(uchar)Addr;               //写入地址的低8位
  34   1              
  35   1                //IapTotal=0x00：选择ROM区操作  IapTotal=0x02：选择EEPROM区操作
  36   1              IAPKEY=0xf0;               //IAP开启保护控制时间
  37   1              IAPCTL=0x0A;     //CPU hold time为2ms，写入操作命令
  38   1      //      _nop_();
  39   1      //      _nop_();
  40   1      //      _nop_();
  41   1      //      _nop_();
  42   1      //      _nop_();
  43   1              Delay_us(10);
  44   1              IAPADE=0x00;
  45   1              EA=1;   
  46   1      }
  47          //IAP读操作
  48          unsigned char IAPRead(uint Addr)
  49          {
  50   1              unsigned char dat;
  51   1              EA=0;
  52   1              IAPADE=IapTotal;
  53   1              dat      =  *(IapAddr+Addr);
  54   1              IAPADE=0x00;
  55   1              EA=1;
C51 COMPILER V9.00   IAP                                                                   12/20/2020 16:52:20 PAGE 2   

  56   1              return (dat);   
  57   1      }
  58          
  59          void WriteROM(void)
  60          {
  61   1              IAPWrite(0,Settmp);
  62   1              IAPWrite(1,rsg_show_H);
  63   1              IAPWrite(2,EEP_FLAG);
  64   1              IAPWrite(3,EEP_FLAG1);
  65   1      }


MODULE INFORMATION:   STATIC OVERLAYABLE
   CODE SIZE        =    102    ----
   CONSTANT SIZE    =   ----    ----
   XDATA SIZE       =   ----    ----
   PDATA SIZE       =   ----    ----
   DATA SIZE        =      2    ----
   IDATA SIZE       =   ----    ----
   BIT SIZE         =   ----    ----
END OF MODULE INFORMATION.


C51 COMPILATION COMPLETE.  0 WARNING(S),  0 ERROR(S)
