C51 COMPILER V9.00   IAP_INIT                                                              10/22/2020 22:57:08 PAGE 1   


C51 COMPILER V9.00, COMPILATION OF MODULE IAP_INIT
OBJECT MODULE PLACED IN IAP_Init.obj
COMPILER INVOKED BY: d:\Keil\C51\BIN\C51.EXE 111\c\IAP_Init.c BROWSE DEBUG OBJECTEXTEND PRINT(.\IAP_Init.lst) OBJECT(IAP
                    -_Init.obj)

line level    source

   1          #include "H/SC93F843X_C.H"
   2          #include "H/Function_Init.H"
*** WARNING C318 IN LINE 2 OF 111\c\IAP_Init.c: can't open file 'H/Function_Init.H'
   3          
   4          #define IapTotal 0x00     //0x00：选择ROM区操作  0x02：选择EEPROM区操作
   5          unsigned char code *IapAddr=0x00;
   6          
   7          void IAPWrite(uint Addr,uchar Data);
*** ERROR C141 IN LINE 7 OF 111\C\IAP_INIT.C: syntax error near 'Addr', expected ')'
   8          uchar IAPRead(uint Addr);
*** ERROR C129 IN LINE 8 OF 111\C\IAP_INIT.C: missing ';' before 'IAPRead'
   9          /*****************************************************
  10          *函数名称：void IAP_Init(void)
  11          *函数功能：IAP初始化
  12          *入口参数：void
  13          *出口参数：void
  14          *****************************************************/
  15          void IAP_Init(void)
  16          {
  17                  uint i,IapReadData;
  18                  for(i=0;i<128;i++)
  19                  {               
  20                          IAPWrite(i,0xff);
  21                          IapReadData=IAPRead(i);
  22                  }
  23          }
  24          
  25          //IAP写操作
  26          void IAPWrite(uint Addr,uchar Data)
  27          {       
  28                  IAPDAT=Data;      //写入数据Data
  29                  IAPADH=(uchar)((Addr>>8)&0X3F);   //写入地址的高5位
  30                  IAPADL=(uchar)Addr;               //写入地址的低8位
  31                  
  32                  IAPADE=IapTotal;  //IapTotal=0x00：选择ROM区操作  IapTotal=0x02：选择EEPROM区操作
  33                  IAPKEY=240;                //IAP开启保护控制时间
  34                  IAPCTL=0x06;     //CPU hold time为2ms，写入操作命令
  35                  _nop_();
  36                  _nop_();
  37                  _nop_();
  38                  _nop_();
  39                  _nop_();
  40          }
  41          //IAP读操作
  42          uchar IAPRead(uint Addr)
  43          {
  44                  IAPADE=IapTotal;
  45                  return (*(IapAddr+Addr));       
  46          }

C51 COMPILATION COMPLETE.  1 WARNING(S),  2 ERROR(S)
