C51 COMPILER V9.00   LED                                                                   07/19/2021 09:41:15 PAGE 1   


C51 COMPILER V9.00, COMPILATION OF MODULE LED
OBJECT MODULE PLACED IN led.OBJ
COMPILER INVOKED BY: D:\Keil\C51\BIN\C51.EXE led.c BROWSE DEBUG OBJECTEXTEND

line level    source

   1          #include "h\SC93F843X_C.H"      
   2          #include "h\data_type.h"
   3          #include "config.h"
   4          
   5          #define VERSION 1
   6          
   7          xdata unsigned char segval[4];
   8          code unsigned char TAB_SEG[15]={
   9          0XBB,//数字：0
  10          0X9,//数字：1
  11          0XB5,//数字：2
  12          0X9D,//数字：3
  13          0XF,//数字：4
  14          0X9E,//数字：5
  15          0XBE,//数字：6
  16          0X89,//数字：7
  17          0XBF,//数字：8
  18          0X9F,//数字：9
  19          0XB6,//数字：E
  20          0XA6,//数字：F
  21          0X4,//数字：-
  22          0X24,//数字：r
  23          0X2F,//数字：H
  24          };
  25          
  26          
  27          void ledinit()
  28          {
  29   1      //      switch (ledlevel)
  30   1      //      {
  31   1      //              case 0:
  32   1      //                      IOHCON = 0X00;//0000 0000
  33   1      //                      break;
  34   1      //              case 1:
  35   1      //                      IOHCON = 0X55;//0101 0101
  36   1      //                      break;
  37   1      //              case 2:
  38   1      //                      IOHCON = 0XAA;//1010 1010
  39   1      //                      break;
  40   1      //              case 3:
  41   1      //                      IOHCON = 0XFF;//1111 1111
  42   1      //                      break;
  43   1      //              default:
  44   1      //                      break;
  45   1      //      }
  46   1      }
  47          
  48          void CloseAllled()
  49          {
  50   1              segval[0] = 0X00;
  51   1              segval[1] = 0X00;
  52   1              segval[2] = 0X00;//0xff;
  53   1              segval[3] = 0X00;//0xff;
  54   1      }
  55          void showtemp(int temp)
C51 COMPILER V9.00   LED                                                                   07/19/2021 09:41:15 PAGE 2   

  56          {
  57   1              if(temp<0)
  58   1              {
  59   2                      segval[2] &= ~(PLED_B3+PLED_C3);  //不显示
  60   2                      segval[0] = TAB_SEG[12];          //显示负号
  61   2                      segval[1] = TAB_SEG[0-temp];    //显示负数      
  62   2              }
  63   1              else if(temp<100)
  64   1              {
  65   2                      segval[2] &= ~(PLED_B3+PLED_C3);
  66   2                      segval[0] = TAB_SEG[temp/10];
  67   2                      segval[1] = TAB_SEG[temp%10];           
  68   2              }
  69   1              else if(temp<200)
  70   1              {
  71   2                      segval[2] |= PLED_B3+PLED_C3;
  72   2                      temp = temp%100;
  73   2                      segval[0] = TAB_SEG[temp/10];
  74   2                      segval[1] = TAB_SEG[temp%10];   
  75   2              }
  76   1              else
  77   1              {
  78   2                      segval[2] &= ~(PLED_B3+PLED_C3);
  79   2                      segval[0] = TAB_SEG[10];// 错误代码，显示超过最大值
  80   2                      segval[1] = TAB_SEG[8];         
  81   2              }
  82   1      
  83   1      
  84   1              if(rsg_show_H)
  85   1              {
  86   2                      segval[3] |= PLED_A4+PLED_B4+PLED_D4+PLED_C4+PLED_F4;   
  87   2              }
  88   1              else
  89   1              {
  90   2                      segval[3] |= PLED_A4+PLED_B4+PLED_D4+PLED_E4+PLED_F4;
  91   2              }
  92   1      }
  93          
  94          void showerr(unsigned char temp)
  95          {
  96   1              if(temp==1)
  97   1              {
  98   2                      segval[0] =     TAB_SEG[10];    //十位
  99   2                      segval[1] =     TAB_SEG[temp];  //个位          
 100   2              }
 101   1      }
 102          void showver(unsigned char ver)
 103          {
 104   1      //      segval[2] =     0x71;   //显示F
 105   1              segval[0] =     TAB_SEG[11];    //显示-
 106   1              segval[1] =     TAB_SEG[ver];   //个位          
 107   1      }
 108          //void PowerOnClearDisp(void)
 109          //{
 110          //      rsg_showver=0; 
 111          //}
 112          
 113          
 114          void ledwork()
 115          {
 116   1              CloseAllled();
 117   1              if(rsg_showver)
C51 COMPILER V9.00   LED                                                                   07/19/2021 09:41:15 PAGE 3   

 118   1              {
 119   2                      showver(VERSION); 
 120   2      //              showtemp(105);          
 121   2              }
 122   1              else
 123   1              {
 124   2                      if(f_onoff)
 125   2                      {
 126   3                              if(ForceClose_lev1())
 127   3                              {
 128   4                                      showerr(1);     
 129   4                              }
 130   3                              else if(f_settemp)
 131   3                              {
 132   4                                      if(col_500ms|fsg_keynocol)
 133   4                                              showtemp(Settmp);
 134   4                              }
 135   3                              else //if(fig_diswork_500ms)
 136   3                              {
 137   4                                      if(rsg_show_H)
 138   4                                              showtemp(Tmp_H);
 139   4                                      else
 140   4                                              showtemp(Tmp_C);
 141   4                              }
 142   3                      }
 143   2      //              else
 144   2      //                      showtemp(100);
 145   2              }
 146   1      
 147   1              //低功耗时，月亮亮；
 148   1              if(fsg_lowpower)
 149   1                      segval[2] |= PLED_E3;
 150   1      
 151   1              if(Output_led() == TEMPSUB)
 152   1              {
 153   2                      //制冷时，雪花亮        
 154   2                      segval[2] |= PLED_A3;
 155   2              }
 156   1              else if(Output_led() == TEMPADD)
 157   1              {
 158   2                      //制热时，太阳亮
 159   2                      segval[2] |= PLED_D3;
 160   2              }
 161   1              else
 162   1              {}
 163   1      //      showtemp(IOHCON);
 164   1              
 165   1      }


MODULE INFORMATION:   STATIC OVERLAYABLE
   CODE SIZE        =    395    ----
   CONSTANT SIZE    =     15    ----
   XDATA SIZE       =      4    ----
   PDATA SIZE       =   ----    ----
   DATA SIZE        =   ----    ----
   IDATA SIZE       =   ----    ----
   BIT SIZE         =   ----    ----
END OF MODULE INFORMATION.


C51 COMPILATION COMPLETE.  0 WARNING(S),  0 ERROR(S)
